<?xml version="1.0" encoding="UTF-8"?>
<!-- Generated by org.testng.reporters.JUnitXMLReporter -->
<testsuite ignored="0" hostname="K425LTRV" failures="3" tests="6" name="Test1" time="51.84" errors="0" timestamp="2024-06-10T12:56:44 IST">
  <testcase classname="testcases.TestFilters" name="testOpenSite" time="1.856"/>
  <testcase classname="testcases.TestFilters" name="testSearchItem" time="18.131"/>
  <testcase classname="testcases.TestFilters" name="testSettingFilters" time="0.025">
    <failure type="org.openqa.selenium.remote.UnreachableBrowserException" message="Error communicating with the remote browser. It may have died.
Build info: version: &amp;apos;4.18.1&amp;apos;, revision: &amp;apos;b1d3319b48&amp;apos;
System info: os.name: &amp;apos;Windows 10&amp;apos;, os.arch: &amp;apos;amd64&amp;apos;, os.version: &amp;apos;10.0&amp;apos;, java.version: &amp;apos;17.0.10&amp;apos;
Driver info: org.openqa.selenium.edge.EdgeDriver
Command: [a2b50839772ecd1d6e8368891aae5ed3, findElement [using, value]]
Capabilities {acceptInsecureCerts: false, browserName: MicrosoftEdge, browserVersion: 125.0.2535.92, fedcm:accounts: true, ms:edgeOptions: {debuggerAddress: localhost:51718}, msedge: {msedgedriverVersion: 125.0.2535.92 (d2d4746171db..., userDataDir: C:\Users\268850\AppData\Loc...}, networkConnectionEnabled: false, pageLoadStrategy: normal, platformName: windows, proxy: Proxy(), se:cdp: ws://localhost:51718/devtoo..., se:cdpVersion: 125.0.2535.92, setWindowRect: true, strictFileInteractability: false, timeouts: {implicit: 0, pageLoad: 300000, script: 30000}, unhandledPromptBehavior: dismiss and notify, webauthn:extension:credBlob: true, webauthn:extension:largeBlob: true, webauthn:extension:minPinLength: true, webauthn:extension:prf: true, webauthn:virtualAuthenticators: true}
Session ID: a2b50839772ecd1d6e8368891aae5ed3">
      <![CDATA[org.openqa.selenium.remote.UnreachableBrowserException: Error communicating with the remote browser. It may have died.
Build info: version: '4.18.1', revision: 'b1d3319b48'
System info: os.name: 'Windows 10', os.arch: 'amd64', os.version: '10.0', java.version: '17.0.10'
Driver info: org.openqa.selenium.edge.EdgeDriver
Command: [a2b50839772ecd1d6e8368891aae5ed3, findElement [using, value]]
Capabilities {acceptInsecureCerts: false, browserName: MicrosoftEdge, browserVersion: 125.0.2535.92, fedcm:accounts: true, ms:edgeOptions: {debuggerAddress: localhost:51718}, msedge: {msedgedriverVersion: 125.0.2535.92 (d2d4746171db..., userDataDir: C:\Users\268850\AppData\Loc...}, networkConnectionEnabled: false, pageLoadStrategy: normal, platformName: windows, proxy: Proxy(), se:cdp: ws://localhost:51718/devtoo..., se:cdpVersion: 125.0.2535.92, setWindowRect: true, strictFileInteractability: false, timeouts: {implicit: 0, pageLoad: 300000, script: 30000}, unhandledPromptBehavior: dismiss and notify, webauthn:extension:credBlob: true, webauthn:extension:largeBlob: true, webauthn:extension:minPinLength: true, webauthn:extension:prf: true, webauthn:virtualAuthenticators: true}
Session ID: a2b50839772ecd1d6e8368891aae5ed3
at org.openqa.selenium.remote.RemoteWebDriver.execute(RemoteWebDriver.java:546)
at org.openqa.selenium.remote.ElementLocation$ElementFinder$2.findElement(ElementLocation.java:165)
at org.openqa.selenium.remote.ElementLocation.findElement(ElementLocation.java:59)
at org.openqa.selenium.remote.RemoteWebDriver.findElement(RemoteWebDriver.java:356)
at org.openqa.selenium.remote.RemoteWebDriver.findElement(RemoteWebDriver.java:350)
at utils.DriverUtils.clickWithDynamicXpath(DriverUtils.java:13)
at pom.SearchItemPage.clickFilters(SearchItemPage.java:51)
at testcases.TestFilters.testSettingFilters(TestFilters.java:42)
at java.base/java.util.ArrayList.forEach(ArrayList.java:1511)
at java.base/java.util.concurrent.FutureTask.run(FutureTask.java:264)
at java.base/java.util.concurrent.ThreadPoolExecutor.runWorker(ThreadPoolExecutor.java:1136)
at java.base/java.util.concurrent.ThreadPoolExecutor$Worker.run(ThreadPoolExecutor.java:635)
at java.base/java.lang.Thread.run(Thread.java:840)
Caused by: java.lang.NullPointerException: Cannot invoke "java.net.http.HttpClient.sendAsync(java.net.http.HttpRequest, java.net.http.HttpResponse$BodyHandler)" because "this.client" is null
at org.openqa.selenium.remote.http.jdk.JdkHttpClient.execute0(JdkHttpClient.java:383)
at org.openqa.selenium.remote.http.AddSeleniumUserAgent.lambda$apply$0(AddSeleniumUserAgent.java:42)
at org.openqa.selenium.remote.http.Filter.lambda$andFinally$1(Filter.java:55)
at org.openqa.selenium.remote.http.jdk.JdkHttpClient.execute(JdkHttpClient.java:359)
at org.openqa.selenium.remote.HttpCommandExecutor.execute(HttpCommandExecutor.java:187)
at org.openqa.selenium.remote.service.DriverCommandExecutor.invokeExecute(DriverCommandExecutor.java:216)
at org.openqa.selenium.remote.service.DriverCommandExecutor.execute(DriverCommandExecutor.java:174)
at org.openqa.selenium.remote.RemoteWebDriver.execute(RemoteWebDriver.java:519)
... 29 more
... Removed 17 stack frames]]>
    </failure>
  </testcase> <!-- testSettingFilters -->
  <testcase classname="testcases.TestFilters" name="testSettingFilters" time="0.006">
    <failure type="org.openqa.selenium.remote.UnreachableBrowserException" message="Error communicating with the remote browser. It may have died.
Build info: version: &amp;apos;4.18.1&amp;apos;, revision: &amp;apos;b1d3319b48&amp;apos;
System info: os.name: &amp;apos;Windows 10&amp;apos;, os.arch: &amp;apos;amd64&amp;apos;, os.version: &amp;apos;10.0&amp;apos;, java.version: &amp;apos;17.0.10&amp;apos;
Driver info: org.openqa.selenium.edge.EdgeDriver
Command: [a2b50839772ecd1d6e8368891aae5ed3, findElement [using, value]]
Capabilities {acceptInsecureCerts: false, browserName: MicrosoftEdge, browserVersion: 125.0.2535.92, fedcm:accounts: true, ms:edgeOptions: {debuggerAddress: localhost:51718}, msedge: {msedgedriverVersion: 125.0.2535.92 (d2d4746171db..., userDataDir: C:\Users\268850\AppData\Loc...}, networkConnectionEnabled: false, pageLoadStrategy: normal, platformName: windows, proxy: Proxy(), se:cdp: ws://localhost:51718/devtoo..., se:cdpVersion: 125.0.2535.92, setWindowRect: true, strictFileInteractability: false, timeouts: {implicit: 0, pageLoad: 300000, script: 30000}, unhandledPromptBehavior: dismiss and notify, webauthn:extension:credBlob: true, webauthn:extension:largeBlob: true, webauthn:extension:minPinLength: true, webauthn:extension:prf: true, webauthn:virtualAuthenticators: true}
Session ID: a2b50839772ecd1d6e8368891aae5ed3">
      <![CDATA[org.openqa.selenium.remote.UnreachableBrowserException: Error communicating with the remote browser. It may have died.
Build info: version: '4.18.1', revision: 'b1d3319b48'
System info: os.name: 'Windows 10', os.arch: 'amd64', os.version: '10.0', java.version: '17.0.10'
Driver info: org.openqa.selenium.edge.EdgeDriver
Command: [a2b50839772ecd1d6e8368891aae5ed3, findElement [using, value]]
Capabilities {acceptInsecureCerts: false, browserName: MicrosoftEdge, browserVersion: 125.0.2535.92, fedcm:accounts: true, ms:edgeOptions: {debuggerAddress: localhost:51718}, msedge: {msedgedriverVersion: 125.0.2535.92 (d2d4746171db..., userDataDir: C:\Users\268850\AppData\Loc...}, networkConnectionEnabled: false, pageLoadStrategy: normal, platformName: windows, proxy: Proxy(), se:cdp: ws://localhost:51718/devtoo..., se:cdpVersion: 125.0.2535.92, setWindowRect: true, strictFileInteractability: false, timeouts: {implicit: 0, pageLoad: 300000, script: 30000}, unhandledPromptBehavior: dismiss and notify, webauthn:extension:credBlob: true, webauthn:extension:largeBlob: true, webauthn:extension:minPinLength: true, webauthn:extension:prf: true, webauthn:virtualAuthenticators: true}
Session ID: a2b50839772ecd1d6e8368891aae5ed3
at org.openqa.selenium.remote.RemoteWebDriver.execute(RemoteWebDriver.java:546)
at org.openqa.selenium.remote.ElementLocation$ElementFinder$2.findElement(ElementLocation.java:165)
at org.openqa.selenium.remote.ElementLocation.findElement(ElementLocation.java:59)
at org.openqa.selenium.remote.RemoteWebDriver.findElement(RemoteWebDriver.java:356)
at org.openqa.selenium.remote.RemoteWebDriver.findElement(RemoteWebDriver.java:350)
at utils.DriverUtils.clickWithDynamicXpath(DriverUtils.java:13)
at pom.SearchItemPage.clickFilters(SearchItemPage.java:51)
at testcases.TestFilters.testSettingFilters(TestFilters.java:42)
at java.base/java.util.ArrayList.forEach(ArrayList.java:1511)
at java.base/java.util.concurrent.FutureTask.run(FutureTask.java:264)
at java.base/java.util.concurrent.ThreadPoolExecutor.runWorker(ThreadPoolExecutor.java:1136)
at java.base/java.util.concurrent.ThreadPoolExecutor$Worker.run(ThreadPoolExecutor.java:635)
at java.base/java.lang.Thread.run(Thread.java:840)
Caused by: java.lang.NullPointerException: Cannot invoke "java.net.http.HttpClient.sendAsync(java.net.http.HttpRequest, java.net.http.HttpResponse$BodyHandler)" because "this.client" is null
at org.openqa.selenium.remote.http.jdk.JdkHttpClient.execute0(JdkHttpClient.java:383)
at org.openqa.selenium.remote.http.AddSeleniumUserAgent.lambda$apply$0(AddSeleniumUserAgent.java:42)
at org.openqa.selenium.remote.http.Filter.lambda$andFinally$1(Filter.java:55)
at org.openqa.selenium.remote.http.jdk.JdkHttpClient.execute(JdkHttpClient.java:359)
at org.openqa.selenium.remote.HttpCommandExecutor.execute(HttpCommandExecutor.java:187)
at org.openqa.selenium.remote.service.DriverCommandExecutor.invokeExecute(DriverCommandExecutor.java:216)
at org.openqa.selenium.remote.service.DriverCommandExecutor.execute(DriverCommandExecutor.java:174)
at org.openqa.selenium.remote.RemoteWebDriver.execute(RemoteWebDriver.java:519)
... 29 more
... Removed 17 stack frames]]>
    </failure>
  </testcase> <!-- testSettingFilters -->
  <testcase classname="testcases.TestFilters" name="testSettingFilters" time="0.011">
    <failure type="org.openqa.selenium.remote.UnreachableBrowserException" message="Error communicating with the remote browser. It may have died.
Build info: version: &amp;apos;4.18.1&amp;apos;, revision: &amp;apos;b1d3319b48&amp;apos;
System info: os.name: &amp;apos;Windows 10&amp;apos;, os.arch: &amp;apos;amd64&amp;apos;, os.version: &amp;apos;10.0&amp;apos;, java.version: &amp;apos;17.0.10&amp;apos;
Driver info: org.openqa.selenium.edge.EdgeDriver
Command: [a2b50839772ecd1d6e8368891aae5ed3, findElement [using, value]]
Capabilities {acceptInsecureCerts: false, browserName: MicrosoftEdge, browserVersion: 125.0.2535.92, fedcm:accounts: true, ms:edgeOptions: {debuggerAddress: localhost:51718}, msedge: {msedgedriverVersion: 125.0.2535.92 (d2d4746171db..., userDataDir: C:\Users\268850\AppData\Loc...}, networkConnectionEnabled: false, pageLoadStrategy: normal, platformName: windows, proxy: Proxy(), se:cdp: ws://localhost:51718/devtoo..., se:cdpVersion: 125.0.2535.92, setWindowRect: true, strictFileInteractability: false, timeouts: {implicit: 0, pageLoad: 300000, script: 30000}, unhandledPromptBehavior: dismiss and notify, webauthn:extension:credBlob: true, webauthn:extension:largeBlob: true, webauthn:extension:minPinLength: true, webauthn:extension:prf: true, webauthn:virtualAuthenticators: true}
Session ID: a2b50839772ecd1d6e8368891aae5ed3">
      <![CDATA[org.openqa.selenium.remote.UnreachableBrowserException: Error communicating with the remote browser. It may have died.
Build info: version: '4.18.1', revision: 'b1d3319b48'
System info: os.name: 'Windows 10', os.arch: 'amd64', os.version: '10.0', java.version: '17.0.10'
Driver info: org.openqa.selenium.edge.EdgeDriver
Command: [a2b50839772ecd1d6e8368891aae5ed3, findElement [using, value]]
Capabilities {acceptInsecureCerts: false, browserName: MicrosoftEdge, browserVersion: 125.0.2535.92, fedcm:accounts: true, ms:edgeOptions: {debuggerAddress: localhost:51718}, msedge: {msedgedriverVersion: 125.0.2535.92 (d2d4746171db..., userDataDir: C:\Users\268850\AppData\Loc...}, networkConnectionEnabled: false, pageLoadStrategy: normal, platformName: windows, proxy: Proxy(), se:cdp: ws://localhost:51718/devtoo..., se:cdpVersion: 125.0.2535.92, setWindowRect: true, strictFileInteractability: false, timeouts: {implicit: 0, pageLoad: 300000, script: 30000}, unhandledPromptBehavior: dismiss and notify, webauthn:extension:credBlob: true, webauthn:extension:largeBlob: true, webauthn:extension:minPinLength: true, webauthn:extension:prf: true, webauthn:virtualAuthenticators: true}
Session ID: a2b50839772ecd1d6e8368891aae5ed3
at org.openqa.selenium.remote.RemoteWebDriver.execute(RemoteWebDriver.java:546)
at org.openqa.selenium.remote.ElementLocation$ElementFinder$2.findElement(ElementLocation.java:165)
at org.openqa.selenium.remote.ElementLocation.findElement(ElementLocation.java:59)
at org.openqa.selenium.remote.RemoteWebDriver.findElement(RemoteWebDriver.java:356)
at org.openqa.selenium.remote.RemoteWebDriver.findElement(RemoteWebDriver.java:350)
at utils.DriverUtils.clickWithDynamicXpath(DriverUtils.java:13)
at pom.SearchItemPage.clickFilters(SearchItemPage.java:51)
at testcases.TestFilters.testSettingFilters(TestFilters.java:42)
at java.base/java.util.ArrayList.forEach(ArrayList.java:1511)
at java.base/java.util.concurrent.FutureTask.run(FutureTask.java:264)
at java.base/java.util.concurrent.ThreadPoolExecutor.runWorker(ThreadPoolExecutor.java:1136)
at java.base/java.util.concurrent.ThreadPoolExecutor$Worker.run(ThreadPoolExecutor.java:635)
at java.base/java.lang.Thread.run(Thread.java:840)
Caused by: java.lang.NullPointerException: Cannot invoke "java.net.http.HttpClient.sendAsync(java.net.http.HttpRequest, java.net.http.HttpResponse$BodyHandler)" because "this.client" is null
at org.openqa.selenium.remote.http.jdk.JdkHttpClient.execute0(JdkHttpClient.java:383)
at org.openqa.selenium.remote.http.AddSeleniumUserAgent.lambda$apply$0(AddSeleniumUserAgent.java:42)
at org.openqa.selenium.remote.http.Filter.lambda$andFinally$1(Filter.java:55)
at org.openqa.selenium.remote.http.jdk.JdkHttpClient.execute(JdkHttpClient.java:359)
at org.openqa.selenium.remote.HttpCommandExecutor.execute(HttpCommandExecutor.java:187)
at org.openqa.selenium.remote.service.DriverCommandExecutor.invokeExecute(DriverCommandExecutor.java:216)
at org.openqa.selenium.remote.service.DriverCommandExecutor.execute(DriverCommandExecutor.java:174)
at org.openqa.selenium.remote.RemoteWebDriver.execute(RemoteWebDriver.java:519)
... 29 more
... Removed 17 stack frames]]>
    </failure>
  </testcase> <!-- testSettingFilters -->
  <testcase classname="testcases.TestFilters" name="testFilters" time="0.0">
    <skipped/>
  </testcase> <!-- testFilters -->
</testsuite> <!-- Test1 -->
